<?xml version="1.0" encoding="UTF-8"?>
<testsuite name="kotlinx.stm.SampleTestsNative" tests="1" skipped="0" failures="0" errors="0" timestamp="2020-04-11T01:42:47" hostname="unit-1097.local" time="0.002">
  <properties/>
  <testcase name="testG" classname="kotlinx.stm.SampleTestsNative" time="0.002"/>
  <system-out><![CDATA[]]></system-out>
  <system-err><![CDATA[]]></system-err>
</testsuite>
